#
# A fatal error has been detected by the Java Runtime Environment:
#
#  EXCEPTION_ACCESS_VIOLATION (0xc0000005) at pc=0x000000018086b220, pid=8492, tid=4036
#
# JRE version: Java(TM) SE Runtime Environment (7.0_45-b18) (build 1.7.0_45-b18)
# Java VM: Java HotSpot(TM) 64-Bit Server VM (24.45-b08 mixed mode windows-amd64 compressed oops)
# Problematic frame:
# C  [ig4icd64.dll+0x86b220]
#
# Failed to write core dump. Minidumps are not enabled by default on client versions of Windows
#
# If you would like to submit a bug report, please visit:
#   http://bugreport.sun.com/bugreport/crash.jsp
# The crash happened outside the Java Virtual Machine in native code.
# See problematic frame for where to report the bug.
#

---------------  T H R E A D  ---------------

Current thread (0x000000000b2d8800):  JavaThread "AWT-EventQueue-0" [_thread_in_native, id=4036, stack(0x000000000cdb0000,0x000000000ceb0000)]

siginfo: ExceptionCode=0xc0000005, writing address 0x0000000000000080

Registers:
RAX=0x0000000000000001, RBX=0x000000000ceadad0, RCX=0x0000000000000090, RDX=0x000000000ceadc10
RSP=0x000000000cead9c0, RBP=0x000000000eb018b0, RSI=0x000000000eb018b0, RDI=0x0000000000000001
R8 =0x0000000000000078, R9 =0x0000000000000007, R10=0x000000000000000f, R11=0x0000000000000000
R12=0x0000000000000080, R13=0x0000000000000000, R14=0x000000000ceadc10, R15=0x000000000d6bcb80
RIP=0x000000018086b220, EFLAGS=0x0000000000010206

Top of Stack: (sp=0x000000000cead9c0)
0x000000000cead9c0:   000000003f800000 0000000000000000
0x000000000cead9d0:   000000003f800000 0000000000000000
0x000000000cead9e0:   0000000000000078 000000018086bca5
0x000000000cead9f0:   000000000ceadad0 000000000eb018b0
0x000000000ceada00:   000000000d6bcb80 0000000180991a01
0x000000000ceada10:   000000000ceada68 000000000ceada88
0x000000000ceada20:   000000000ceadc10 000000000ceadc10
0x000000000ceada30:   0000000000000028 0000000000000003
0x000000000ceada40:   000000000eae0d30 000000000e7e1500
0x000000000ceada50:   000000000ceadb68 0000000180868cb8
0x000000000ceada60:   0000000000000001 000000000e947980
0x000000000ceada70:   000000000eb018b0 000000000d6bcb80
0x000000000ceada80:   0000000000000028 0000000100000080
0x000000000ceada90:   0000000000000000 00000001808aa9a5
0x000000000ceadaa0:   000000000eae0d30 000000000d6bcb80
0x000000000ceadab0:   000000000ceadbe0 0000000000000001 

Instructions: (pc=0x000000018086b220)
0x000000018086b200:   72 9e 41 83 e0 7f 74 26 4d 8b c8 49 c1 e9 04 4d
0x000000018086b210:   85 c9 74 1a 66 0f 6f 02 ff c7 48 83 c1 10 8b c7
0x000000018086b220:   66 0f e7 41 f0 48 83 c2 10 49 3b c1 72 e6 0f 28
0x000000018086b230:   74 24 10 0f 28 3c 24 45 23 c2 74 2f 66 0f 6f 0d 


Register to memory mapping:

RAX=0x0000000000000001 is an unknown value
RBX=0x000000000ceadad0 is pointing into the stack for thread: 0x000000000b2d8800
RCX=0x0000000000000090 is an unknown value
RDX=0x000000000ceadc10 is pointing into the stack for thread: 0x000000000b2d8800
RSP=0x000000000cead9c0 is pointing into the stack for thread: 0x000000000b2d8800
RBP=0x000000000eb018b0 is an unknown value
RSI=0x000000000eb018b0 is an unknown value
RDI=0x0000000000000001 is an unknown value
R8 =0x0000000000000078 is an unknown value
R9 =0x0000000000000007 is an unknown value
R10=0x000000000000000f is an unknown value
R11=0x0000000000000000 is an unknown value
R12=0x0000000000000080 is an unknown value
R13=0x0000000000000000 is an unknown value
R14=0x000000000ceadc10 is pointing into the stack for thread: 0x000000000b2d8800
R15=0x000000000d6bcb80 is an unknown value


Stack: [0x000000000cdb0000,0x000000000ceb0000],  sp=0x000000000cead9c0,  free space=1014k
Native frames: (J=compiled Java code, j=interpreted, Vv=VM code, C=native code)
C  [ig4icd64.dll+0x86b220]

Java frames: (J=compiled Java code, j=interpreted, Vv=VM code)
j  jogamp.opengl.gl4.GL4bcImpl.dispatch_glClear1(IJ)V+0
j  jogamp.opengl.gl4.GL4bcImpl.glClear(I)V+33
j  br.usp.icmc.vicg.gl.raytracing.RayCasting.display(Ljavax/media/opengl/GLAutoDrawable;)V+16
j  jogamp.opengl.GLDrawableHelper.displayImpl(Ljavax/media/opengl/GLAutoDrawable;)V+58
j  jogamp.opengl.GLDrawableHelper.display(Ljavax/media/opengl/GLAutoDrawable;)V+2
j  javax.media.opengl.awt.GLCanvas$7.run()V+118
j  jogamp.opengl.GLDrawableHelper.invokeGLImpl(Ljavax/media/opengl/GLDrawable;Ljavax/media/opengl/GLContext;Ljava/lang/Runnable;Ljava/lang/Runnable;Ljavax/media/opengl/GLAutoDrawable;)V+137
j  jogamp.opengl.GLDrawableHelper.invokeGL(Ljavax/media/opengl/GLDrawable;Ljavax/media/opengl/GLContext;Ljava/lang/Runnable;Ljava/lang/Runnable;)V+85
j  javax.media.opengl.awt.GLCanvas$8.run()V+49
j  java.awt.event.InvocationEvent.dispatch()V+11
j  java.awt.EventQueue.dispatchEventImpl(Ljava/awt/AWTEvent;Ljava/lang/Object;)V+21
j  java.awt.EventQueue.access$200(Ljava/awt/EventQueue;Ljava/awt/AWTEvent;Ljava/lang/Object;)V+3
j  java.awt.EventQueue$3.run()Ljava/lang/Void;+12
j  java.awt.EventQueue$3.run()Ljava/lang/Object;+1
v  ~StubRoutines::call_stub
j  java.security.AccessController.doPrivileged(Ljava/security/PrivilegedAction;Ljava/security/AccessControlContext;)Ljava/lang/Object;+0
j  java.security.ProtectionDomain$1.doIntersectionPrivilege(Ljava/security/PrivilegedAction;Ljava/security/AccessControlContext;Ljava/security/AccessControlContext;)Ljava/lang/Object;+28
j  java.awt.EventQueue.dispatchEvent(Ljava/awt/AWTEvent;)V+46
j  java.awt.EventDispatchThread.pumpOneEventForFilters(I)V+245
j  java.awt.EventDispatchThread.pumpEventsForFilter(ILjava/awt/Conditional;Ljava/awt/EventFilter;)V+35
j  java.awt.EventDispatchThread.pumpEventsForHierarchy(ILjava/awt/Conditional;Ljava/awt/Component;)V+11
j  java.awt.EventDispatchThread.pumpEvents(ILjava/awt/Conditional;)V+4
j  java.awt.EventDispatchThread.pumpEvents(Ljava/awt/Conditional;)V+3
j  java.awt.EventDispatchThread.run()V+9
v  ~StubRoutines::call_stub

---------------  P R O C E S S  ---------------

Java Threads: ( => current thread )
  0x0000000001f4e800 JavaThread "DestroyJavaVM" [_thread_blocked, id=8904, stack(0x0000000002130000,0x0000000002230000)]
  0x000000000c30c000 JavaThread "Timer-0" [_thread_blocked, id=8052, stack(0x0000000010140000,0x0000000010240000)]
  0x000000000c119000 JavaThread "main-SharedResourceRunner" daemon [_thread_blocked, id=8224, stack(0x000000000d550000,0x000000000d650000)]
=>0x000000000b2d8800 JavaThread "AWT-EventQueue-0" [_thread_in_native, id=4036, stack(0x000000000cdb0000,0x000000000ceb0000)]
  0x000000000c1d2800 JavaThread "AWT-Windows" daemon [_thread_in_native, id=4752, stack(0x000000000cbb0000,0x000000000ccb0000)]
  0x000000000b59f800 JavaThread "AWT-Shutdown" [_thread_blocked, id=2768, stack(0x000000000ca20000,0x000000000cb20000)]
  0x000000000b59e800 JavaThread "Java2D Disposer" daemon [_thread_blocked, id=7388, stack(0x000000000c800000,0x000000000c900000)]
  0x000000000940b000 JavaThread "Service Thread" daemon [_thread_blocked, id=6428, stack(0x000000000b0a0000,0x000000000b1a0000)]
  0x000000000940a000 JavaThread "C2 CompilerThread1" daemon [_thread_blocked, id=2800, stack(0x000000000af20000,0x000000000b020000)]
  0x0000000009404000 JavaThread "C2 CompilerThread0" daemon [_thread_blocked, id=4860, stack(0x000000000ad80000,0x000000000ae80000)]
  0x0000000009403000 JavaThread "Attach Listener" daemon [_thread_blocked, id=6120, stack(0x000000000ac10000,0x000000000ad10000)]
  0x00000000093fc000 JavaThread "Signal Dispatcher" daemon [_thread_blocked, id=5512, stack(0x000000000aa70000,0x000000000ab70000)]
  0x00000000093a7800 JavaThread "Finalizer" daemon [_thread_blocked, id=8872, stack(0x000000000a940000,0x000000000aa40000)]
  0x000000000939e000 JavaThread "Reference Handler" daemon [_thread_blocked, id=3872, stack(0x000000000a690000,0x000000000a790000)]

Other Threads:
  0x0000000009397800 VMThread [stack: 0x000000000a510000,0x000000000a610000] [id=972]
  0x000000000941c000 WatcherThread [stack: 0x000000000a7c0000,0x000000000a8c0000] [id=5428]

VM state:not at safepoint (normal execution)

VM Mutex/Monitor currently owned by a thread: None

Heap
 PSYoungGen      total 28672K, used 19346K [0x00000000e0680000, 0x00000000e3e80000, 0x0000000100000000)
  eden space 24576K, 67% used [0x00000000e0680000,0x00000000e16c0638,0x00000000e1e80000)
  from space 4096K, 66% used [0x00000000e1e80000,0x00000000e2124548,0x00000000e2280000)
  to   space 4096K, 0% used [0x00000000e3a80000,0x00000000e3a80000,0x00000000e3e80000)
 ParOldGen       total 64512K, used 0K [0x00000000a1400000, 0x00000000a5300000, 0x00000000e0680000)
  object space 64512K, 0% used [0x00000000a1400000,0x00000000a1400000,0x00000000a5300000)
 PSPermGen       total 21504K, used 12761K [0x000000009c200000, 0x000000009d700000, 0x00000000a1400000)
  object space 21504K, 59% used [0x000000009c200000,0x000000009ce76560,0x000000009d700000)

Card table byte_map: [0x0000000005230000,0x0000000005550000] byte_map_base: 0x0000000004d4f000

Polling page: 0x0000000000110000

Code Cache  [0x0000000002230000, 0x00000000024a0000, 0x0000000005230000)
 total_blobs=697 nmethods=65 adapters=584 free_code_cache=48419Kb largest_free_block=49557632

Compilation events (10 events):
Event: 0.957 Thread 0x0000000009404000   61             sun.nio.cs.SingleByte$Decoder::decode (11 bytes)
Event: 0.958 Thread 0x0000000009404000 nmethod 61 0x00000000022e2750 code [0x00000000022e2880, 0x00000000022e2918]
Event: 0.958 Thread 0x0000000009404000   62   !         java.io.BufferedReader::readLine (304 bytes)
Event: 0.960 Thread 0x000000000940a000   63             sun.nio.cs.SingleByte$Decoder::decodeArrayLoop (154 bytes)
Event: 0.974 Thread 0x000000000940a000 nmethod 63 0x00000000022e6310 code [0x00000000022e64c0, 0x00000000022e6a60]
Event: 0.980 Thread 0x0000000009404000 nmethod 62 0x00000000022e79d0 code [0x00000000022e7b80, 0x00000000022e8c28]
Event: 7.796 Thread 0x000000000940a000   64             java.util.Arrays::binarySearch0 (95 bytes)
Event: 7.797 Thread 0x0000000009404000   65             sun.java2d.loops.GraphicsPrimitiveMgr$2::compare (39 bytes)
Event: 7.798 Thread 0x0000000009404000 nmethod 65 0x00000000022e7490 code [0x00000000022e75e0, 0x00000000022e76b8]
Event: 7.799 Thread 0x000000000940a000 nmethod 64 0x00000000022e5e10 code [0x00000000022e5f60, 0x00000000022e6118]

GC Heap History (2 events):
Event: 0.653 GC heap before
{Heap before GC invocations=1 (full 0):
 PSYoungGen      total 28672K, used 24576K [0x00000000e0680000, 0x00000000e2680000, 0x0000000100000000)
  eden space 24576K, 100% used [0x00000000e0680000,0x00000000e1e80000,0x00000000e1e80000)
  from space 4096K, 0% used [0x00000000e2280000,0x00000000e2280000,0x00000000e2680000)
  to   space 4096K, 0% used [0x00000000e1e80000,0x00000000e1e80000,0x00000000e2280000)
 ParOldGen       total 64512K, used 0K [0x00000000a1400000, 0x00000000a5300000, 0x00000000e0680000)
  object space 64512K, 0% used [0x00000000a1400000,0x00000000a1400000,0x00000000a5300000)
 PSPermGen       total 21504K, used 10708K [0x000000009c200000, 0x000000009d700000, 0x00000000a1400000)
  object space 21504K, 49% used [0x000000009c200000,0x000000009cc750b8,0x000000009d700000)
Event: 0.662 GC heap after
Heap after GC invocations=1 (full 0):
 PSYoungGen      total 28672K, used 2705K [0x00000000e0680000, 0x00000000e3e80000, 0x0000000100000000)
  eden space 24576K, 0% used [0x00000000e0680000,0x00000000e0680000,0x00000000e1e80000)
  from space 4096K, 66% used [0x00000000e1e80000,0x00000000e2124548,0x00000000e2280000)
  to   space 4096K, 0% used [0x00000000e3a80000,0x00000000e3a80000,0x00000000e3e80000)
 ParOldGen       total 64512K, used 0K [0x00000000a1400000, 0x00000000a5300000, 0x00000000e0680000)
  object space 64512K, 0% used [0x00000000a1400000,0x00000000a1400000,0x00000000a5300000)
 PSPermGen       total 21504K, used 10708K [0x000000009c200000, 0x000000009d700000, 0x00000000a1400000)
  object space 21504K, 49% used [0x000000009c200000,0x000000009cc750b8,0x000000009d700000)
}

Deoptimization events (5 events):
Event: 0.233 Thread 0x0000000001f4e800 Uncommon trap: reason=class_check action=maybe_recompile pc=0x0000000002299f78 method=java.util.Properties$LineReader.readLine()I @ 62
Event: 0.716 Thread 0x000000000c119000 Uncommon trap: reason=unreached action=reinterpret pc=0x00000000022d8a58 method=java.lang.Class.searchFields([Ljava/lang/reflect/Field;Ljava/lang/String;)Ljava/lang/reflect/Field; @ 23
Event: 0.886 Thread 0x0000000001f4e800 Uncommon trap: reason=null_check action=make_not_entrant pc=0x00000000022a37e8 method=java.lang.String.equals(Ljava/lang/Object;)Z @ 8
Event: 0.958 Thread 0x000000000b2d8800 Uncommon trap: reason=unreached action=reinterpret pc=0x00000000022d1ddc method=java.lang.AbstractStringBuilder.append(Ljava/lang/String;)Ljava/lang/AbstractStringBuilder; @ 1
Event: 0.959 Thread 0x000000000b2d8800 Uncommon trap: reason=unreached action=reinterpret pc=0x00000000022d26a0 method=java.lang.AbstractStringBuilder.append(Ljava/lang/String;)Ljava/lang/AbstractStringBuilder; @ 1

Internal exceptions (10 events):
Event: 0.943 Thread 0x000000000c30c000 Threw 0x00000000e1650d28 at C:\re\jdk7u45\229\hotspot\src\share\vm\prims\jvm.cpp:1244
Event: 0.943 Thread 0x000000000c30c000 Threw 0x00000000e1654cd8 at C:\re\jdk7u45\229\hotspot\src\share\vm\prims\jvm.cpp:1244
Event: 0.944 Thread 0x000000000c30c000 Threw 0x00000000e165ade8 at C:\re\jdk7u45\229\hotspot\src\share\vm\prims\jvm.cpp:1244
Event: 0.944 Thread 0x000000000c30c000 Threw 0x00000000e1660de8 at C:\re\jdk7u45\229\hotspot\src\share\vm\prims\jvm.cpp:1244
Event: 0.945 Thread 0x000000000c30c000 Threw 0x00000000e1665278 at C:\re\jdk7u45\229\hotspot\src\share\vm\prims\jvm.cpp:1244
Event: 0.945 Thread 0x000000000c30c000 Threw 0x00000000e1669e58 at C:\re\jdk7u45\229\hotspot\src\share\vm\prims\jvm.cpp:1244
Event: 0.945 Thread 0x000000000c30c000 Threw 0x00000000e166db60 at C:\re\jdk7u45\229\hotspot\src\share\vm\prims\jvm.cpp:1244
Event: 0.958 Thread 0x000000000b2d8800 Implicit null exception at 0x00000000022d1a86 to 0x00000000022d1dc5
Event: 0.959 Thread 0x000000000b2d8800 Implicit null exception at 0x00000000022d2346 to 0x00000000022d2689
Event: 2.687 Thread 0x000000000c30c000 Threw 0x00000000e1671e78 at C:\re\jdk7u45\229\hotspot\src\share\vm\prims\jvm.cpp:1244

Events (10 events):
Event: 4.083 Executing VM operation: EnableBiasedLocking
Event: 4.083 Executing VM operation: EnableBiasedLocking done
Event: 7.611 loading class 0x000000000b286600
Event: 7.611 loading class 0x000000000b286600 done
Event: 7.793 loading class 0x0000000001e42960
Event: 7.794 loading class 0x0000000001e42960 done
Event: 7.794 loading class 0x0000000001e42930
Event: 7.794 loading class 0x0000000001e42990
Event: 7.794 loading class 0x0000000001e42990 done
Event: 7.794 loading class 0x0000000001e42930 done


Dynamic libraries:
0x000000013f8d0000 - 0x000000013f903000 	C:\Program Files\Java\jdk1.7.0_45\bin\java.exe
0x0000000076cf0000 - 0x0000000076e99000 	C:\Windows\SYSTEM32\ntdll.dll
0x0000000076ad0000 - 0x0000000076bef000 	C:\Windows\system32\kernel32.dll
0x000007fefcd90000 - 0x000007fefcdfc000 	C:\Windows\system32\KERNELBASE.dll
0x000007fefcff0000 - 0x000007fefd0cb000 	C:\Windows\system32\ADVAPI32.dll
0x000007fefdb00000 - 0x000007fefdb9f000 	C:\Windows\system32\msvcrt.dll
0x000007fefea00000 - 0x000007fefea1f000 	C:\Windows\SYSTEM32\sechost.dll
0x000007fefce70000 - 0x000007fefcf9d000 	C:\Windows\system32\RPCRT4.dll
0x0000000076bf0000 - 0x0000000076cea000 	C:\Windows\system32\USER32.dll
0x000007fefd0d0000 - 0x000007fefd137000 	C:\Windows\system32\GDI32.dll
0x000007fefdaf0000 - 0x000007fefdafe000 	C:\Windows\system32\LPK.dll
0x000007fefea20000 - 0x000007fefeae9000 	C:\Windows\system32\USP10.dll
0x000007fefb610000 - 0x000007fefb804000 	C:\Windows\WinSxS\amd64_microsoft.windows.common-controls_6595b64144ccf1df_6.0.7601.18807_none_fa381d5f175bfb52\COMCTL32.dll
0x000007fefeda0000 - 0x000007fefee11000 	C:\Windows\system32\SHLWAPI.dll
0x000007fefd930000 - 0x000007fefd95e000 	C:\Windows\system32\IMM32.DLL
0x000007fefd220000 - 0x000007fefd329000 	C:\Windows\system32\MSCTF.dll
0x0000000060980000 - 0x0000000060a52000 	C:\Program Files\Java\jdk1.7.0_45\jre\bin\msvcr100.dll
0x000000005fac0000 - 0x0000000060289000 	C:\Program Files\Java\jdk1.7.0_45\jre\bin\server\jvm.dll
0x000007fef8410000 - 0x000007fef8419000 	C:\Windows\system32\WSOCK32.dll
0x000007fefcfa0000 - 0x000007fefcfed000 	C:\Windows\system32\WS2_32.dll
0x000007fefdc60000 - 0x000007fefdc68000 	C:\Windows\system32\NSI.dll
0x000007fefa830000 - 0x000007fefa86b000 	C:\Windows\system32\WINMM.dll
0x0000000076eb0000 - 0x0000000076eb7000 	C:\Windows\system32\PSAPI.DLL
0x0000000068210000 - 0x000000006821f000 	C:\Program Files\Java\jdk1.7.0_45\jre\bin\verify.dll
0x0000000067810000 - 0x0000000067838000 	C:\Program Files\Java\jdk1.7.0_45\jre\bin\java.dll
0x0000000061880000 - 0x0000000061895000 	C:\Program Files\Java\jdk1.7.0_45\jre\bin\zip.dll
0x000007fefc4b0000 - 0x000007fefc4c8000 	C:\Windows\system32\CRYPTSP.dll
0x000007fefc0b0000 - 0x000007fefc0f7000 	C:\Windows\system32\rsaenh.dll
0x000007fefcd70000 - 0x000007fefcd8e000 	C:\Windows\system32\USERENV.dll
0x000007fefcac0000 - 0x000007fefcacf000 	C:\Windows\system32\profapi.dll
0x000007fefc8f0000 - 0x000007fefc8ff000 	C:\Windows\system32\CRYPTBASE.dll
0x0000000061860000 - 0x0000000061879000 	C:\Program Files\Java\jdk1.7.0_45\jre\bin\net.dll
0x000007fefc310000 - 0x000007fefc365000 	C:\Windows\system32\mswsock.dll
0x000007fefc390000 - 0x000007fefc397000 	C:\Windows\System32\wship6.dll
0x000007fefa9b0000 - 0x000007fefa9c5000 	C:\Windows\system32\NLAapi.dll
0x000007fefa100000 - 0x000007fefa115000 	C:\Windows\system32\napinsp.dll
0x000007fef9fb0000 - 0x000007fef9fc9000 	C:\Windows\system32\pnrpnsp.dll
0x000007fefbf20000 - 0x000007fefbf7b000 	C:\Windows\system32\DNSAPI.dll
0x000007fefa0b0000 - 0x000007fefa0bb000 	C:\Windows\System32\winrnr.dll
0x000007fef9fa0000 - 0x000007fef9fb0000 	C:\Windows\system32\wshbth.dll
0x000007fef7690000 - 0x000007fef76bf000 	C:\Program Files\Common Files\Microsoft Shared\Windows Live\WLIDNSP.DLL
0x000007fefbcf0000 - 0x000007fefbcf7000 	C:\Windows\System32\wshtcpip.dll
0x000007fefa340000 - 0x000007fefa367000 	C:\Windows\system32\IPHLPAPI.DLL
0x000007fefa330000 - 0x000007fefa33b000 	C:\Windows\system32\WINNSI.DLL
0x000007fef7680000 - 0x000007fef7688000 	C:\Windows\system32\rasadhlp.dll
0x000007fefa1b0000 - 0x000007fefa203000 	C:\Windows\System32\fwpuclnt.dll
0x0000000061840000 - 0x0000000061851000 	C:\Program Files\Java\jdk1.7.0_45\jre\bin\nio.dll
0x00000000637c0000 - 0x00000000637ca000 	C:\Users\paulovich\AppData\Local\Temp\jogamp_0000\file_cache\jln6479054752603331825\jln1234482382469500189\gluegen-rt.dll
0x00000000607e0000 - 0x0000000060975000 	C:\Program Files\Java\jdk1.7.0_45\jre\bin\awt.dll
0x000007fefd140000 - 0x000007fefd217000 	C:\Windows\system32\OLEAUT32.dll
0x000007fefd720000 - 0x000007fefd923000 	C:\Windows\system32\ole32.dll
0x000007fefb000000 - 0x000007fefb056000 	C:\Windows\system32\uxtheme.dll
0x000007fefac20000 - 0x000007fefac38000 	C:\Windows\system32\dwmapi.dll
0x0000000071a80000 - 0x0000000071a87000 	C:\Program Files\Java\jdk1.7.0_45\jre\bin\jawt.dll
0x000000006a440000 - 0x000000006a44b000 	C:\Users\paulovich\AppData\Local\Temp\jogamp_0000\file_cache\jln6479054752603331825\jln1234482382469500189\nativewindow_awt.dll
0x000007fefdc70000 - 0x000007fefe9f9000 	C:\Windows\system32\SHELL32.dll
0x000000006c100000 - 0x000000006c10b000 	C:\Users\paulovich\AppData\Local\Temp\jogamp_0000\file_cache\jln6479054752603331825\jln1234482382469500189\nativewindow_win32.dll
0x000007fef2cf0000 - 0x000007fef2e0d000 	C:\Windows\system32\OpenGL32.dll
0x000007fef3080000 - 0x000007fef30ad000 	C:\Windows\system32\GLU32.dll
0x000007fef2bf0000 - 0x000007fef2ce1000 	C:\Windows\system32\DDRAW.dll
0x000007fef39f0000 - 0x000007fef39f8000 	C:\Windows\system32\DCIMAN32.dll
0x000007fefee20000 - 0x000007fefeff7000 	C:\Windows\system32\SETUPAPI.dll
0x000007fefcad0000 - 0x000007fefcb06000 	C:\Windows\system32\CFGMGR32.dll
0x000007fefcd50000 - 0x000007fefcd6a000 	C:\Windows\system32\DEVOBJ.dll
0x0000000064500000 - 0x000000006458b000 	C:\Users\paulovich\AppData\Local\Temp\jogamp_0000\file_cache\jln6479054752603331825\jln1234482382469500189\jogl_desktop.dll
0x000007feef340000 - 0x000007feef349000 	C:\Windows\system32\atig6pxx.dll
0x0000000180000000 - 0x00000001811eb000 	C:\Windows\system32\ig4icd64.dll
0x000007fef9f90000 - 0x000007fef9f9e000 	C:\Windows\system32\atig6txx.dll
0x000007fefbb50000 - 0x000007fefbb5c000 	C:\Windows\system32\VERSION.dll
0x000000006f200000 - 0x000000006f2e9000 	C:\Windows\system32\aticfx64.dll
0x00000000617f0000 - 0x0000000061836000 	C:\Program Files\Java\jdk1.7.0_45\jre\bin\fontmanager.dll
0x000007feee970000 - 0x000007feeea95000 	C:\Windows\system32\dbghelp.dll

VM Arguments:
java_command: br.usp.icmc.vicg.gl.raytracing.RayCasting
Launcher Type: SUN_STANDARD

Environment Variables:
JAVA_HOME=C:\Program Files\Java\jdk1.7.0_45
PATH=C:\Program Files (x86)\AMD APP\bin\x86_64;C:\Program Files (x86)\AMD APP\bin\x86;C:\Program Files\Common Files\Microsoft Shared\Windows Live;C:\Program Files (x86)\Common Files\Microsoft Shared\Windows Live;C:\Program Files\MiKTeX 2.9\miktex\bin\x64;C:\Windows\system32;C:\Windows;C:\Windows\System32\Wbem;C:\Windows\System32\WindowsPowerShell\v1.0\;C:\Program Files (x86)\ATI Technologies\ATI.ACE\Core-Static;C:\Program Files (x86)\Common Files\Roxio Shared\10.0\DLLShared\;C:\Program Files (x86)\Common Files\Roxio Shared\DLLShared\;C:\Program Files (x86)\Sony\VAIO Startup Setting Tool;C:\Program Files (x86)\Windows Live\Shared;C:\Program Files\Intel\WiFi\bin\;C:\Program Files\Common Files\Intel\WirelessCommon\;C:\Program Files (x86)\Skype\Phone\;C:\Program Files\Intel\WiFi\bin\;C:\Program Files\Common Files\Intel\WirelessCommon\
USERNAME=paulovich
OS=Windows_NT
PROCESSOR_IDENTIFIER=Intel64 Family 6 Model 42 Stepping 7, GenuineIntel



---------------  S Y S T E M  ---------------

OS: Windows 7 , 64 bit Build 7601 Service Pack 1

CPU:total 4 (2 cores per cpu, 2 threads per core) family 6 model 42 stepping 7, cmov, cx8, fxsr, mmx, sse, sse2, sse3, ssse3, sse4.1, sse4.2, popcnt, avx, ht, tsc, tscinvbit

Memory: 4k page, physical 6205252k(3059928k free), swap 12408668k(7702196k free)

vm_info: Java HotSpot(TM) 64-Bit Server VM (24.45-b08) for windows-amd64 JRE (1.7.0_45-b18), built on Oct  8 2013 05:47:22 by "java_re" with unknown MS VC++:1600

time: Wed Jun 03 17:31:14 2015
elapsed time: 22 seconds

